0.007500
0.007500
0.009000
0.009000
0.010500
0.010500
0.011999
0.011999
0.013499
0.014999
0.016499
0.017998
0.020997
0.025494
0.034486
0.049460
0.071876
0.094220
0.116469
0.144482
0.154747
0.166437
0.178081
0.192565
0.206966
0.225554
0.243978
0.262229
0.277526
0.292685
0.007500
0.019498
0.029991
0.040478
0.050956
0.061423
0.071876
0.080823
0.089758
0.098678
0.107582
0.119427
0.129764
0.132713
0.141543
0.145950
0.150351
0.153282
0.156210
0.160598
0.164978
0.167895
0.172265
0.173720
0.178081
0.182435
0.186781
0.189675
0.194009
0.198336
