 0.259384
 0.347131
 0.401373
 0.460070
 0.522734
 0.569190
 0.608692
 0.639693
 0.665212
 0.686899
 0.704648
 0.718445
 0.733799
 0.743483
 0.752560
 0.758821
 0.761852
 0.763345
 0.763345
 0.763345
 0.763345
 0.763345
 0.763345
 0.763345
 0.763345
 0.763345
 0.763345
 0.763345
 0.763345
 0.763345
 0.259384
 0.359727
 0.418424
 0.460070
 0.487466
 0.501717
 0.522734
 0.541083
 0.557366
 0.574759
 0.590284
 0.604304
 0.610836
 0.621108
 0.628830
 0.634363
 0.644833
 0.654596
 0.662257
 0.668107
 0.675102
 0.681774
 0.689395
 0.695453
 0.702403
 0.707951
 0.714338
 0.720456
 0.726326
 0.731042
