 0.666667
 0.888889
 0.933333
 0.947368
 0.950000
 0.950000
 0.950000
 0.950000
 0.950000
 0.950000
 0.950000
 0.950000
 0.950000
 0.950000
 0.950000
 0.950000
 0.950000
 0.950000
 0.950000
 0.950000
 0.950000
 0.950000
 0.950000
 0.950000
 0.950000
 0.950000
 0.950000
 0.950000
 0.950000
 0.950000
 0.666667
 0.833333
 0.888889
 0.909091
 0.923077
 0.933333
 0.944444
 0.950000
 0.954545
 0.958333
 0.961538
 0.964286
 0.967742
 0.970588
 0.972222
 0.974359
 0.976190
 0.977273
 0.978261
 0.979167
 0.980000
 0.980769
 0.981481
 0.982143
 0.983051
 0.983607
 0.984127
 0.984615
 0.985294
 0.985714
