starting job logistic_regression
starting job k-means
starting job sigmoid
running slaq
0.389103479312
0.210407722144
0.084965621047
0.067282256491
0.058597189242
0.0891450394508
0.0668761722007
0.0902895592328
0.062938422181
0.0483320534186
0.071325714137
0.0907463029846
0.045488387026
0.0572833353117
0.0482768969937
0.0418839906123
0.0134149869532
0.0191030891504
0.0398964082773
0.0219409512097
0.0092830913754
0.0177016481264
killed job 1
0
0
0
0
0
0
0
0
starting job logistic_regression
starting job k-means
starting job sigmoid
running fair sched
0.389103479312
0.161983630463
0.098066068332
0.053948673504
0.056938046385
0.048294862987
0.04760343809
0.055967536152
0.046559027645
0.046913023863
0.047495842731
0.047722926204
0.035734610999
0.0344482094728
0.034050278739
0.0461292215244
0.0320649764482
0.032079166361
0.0274924627173
0.0113279673503
0.0103152948857
0.0150153601322
0.0230708031869
0.0303686325892
0.0269596675355
0.0273564139621
0.0252693145075
0.0235820579775
0.0217760805658
0.0134082466901
