starting job logistic_regression
starting job k-means
starting job sigmoid
running slaq
1.05119626138
0.246193692356
0.099857451631
0.080389373844
0.066290993
0.049098198765
0.035918176163
0.039154367324
0.036739289055
0.043697336278
0.053371787393
0.025997246323
0.023212868803
0.037255149624
0.046320757856
0.01242350233
0.016414115985
0.046824131068
0.038790283241
0.033768545595
0.03499825794
0.035895352645
0.036435756764
0.042665330486
0.0139026742728
0.0106855060979
0.0225887302251
0.0285827392354
0.0268541270871
0.0244037718943
starting job logistic_regression
starting job k-means
starting job sigmoid
running fair sched
1.05119626138
0.225220658146
0.117674747319
0.091728006763
0.071883001024
0.062416268171
0.038528163601
0.037067220864
0.031675401947
0.031708029293
0.0294181422711
0.0276088474396
0.0230063105731
0.0256432463566
0.0243534934386
0.0274026617957
0.0096171053922
0.0262130334665
0.0223232597796
0.0219616100515
0.0199288596464
0.0244876231094
0.0216359804441
0.0222322273077
0.0179279575023
0.022366697564
0.0158408454929
0.0149949239628
0.0164621916673
0.0173275284021
