starting job logistic_regression
starting job k-means
starting job sigmoid
running slaq
0.389103479312
accuracy of the job logistic_regression is 0.347131
accuracy of the job k-means is 0.043473
accuracy of the job sigmoid is 0.000000
0.210407722144
accuracy of the job logistic_regression is 0.541083
accuracy of the job k-means is 0.059928
accuracy of the job sigmoid is 0.000000
0.084965621047
accuracy of the job logistic_regression is 0.617086
accuracy of the job k-means is 0.068891
accuracy of the job sigmoid is 0.000000
0.067282256491
accuracy of the job logistic_regression is 0.670946
accuracy of the job k-means is 0.082313
accuracy of the job sigmoid is 0.000000
0.058597189242
accuracy of the job logistic_regression is 0.705757
accuracy of the job k-means is 0.106099
accuracy of the job sigmoid is 0.000000
0.0891450394508
accuracy of the job logistic_regression is 0.727281
accuracy of the job k-means is 0.173720
accuracy of the job sigmoid is 0.000000
0.0668761722007
accuracy of the job logistic_regression is 0.733799
accuracy of the job k-means is 0.234078
accuracy of the job sigmoid is 0.000000
0.0902895592328
accuracy of the job logistic_regression is 0.735609
accuracy of the job k-means is 0.322558
accuracy of the job sigmoid is 0.000000
0.062938422181
accuracy of the job logistic_regression is 0.735609
accuracy of the job k-means is 0.385497
accuracy of the job sigmoid is 0.000000
0.0483320534186
accuracy of the job logistic_regression is 0.736505
accuracy of the job k-means is 0.432933
accuracy of the job sigmoid is 0.000000
0.071325714137
accuracy of the job logistic_regression is 0.736505
accuracy of the job k-means is 0.504258
accuracy of the job sigmoid is 0.000000
0.0907463029846
accuracy of the job logistic_regression is 0.737396
accuracy of the job k-means is 0.594114
accuracy of the job sigmoid is 0.000000
0.045488387026
accuracy of the job logistic_regression is 0.737396
accuracy of the job k-means is 0.639602
accuracy of the job sigmoid is 0.000000
0.0572833353117
accuracy of the job logistic_regression is 0.738281
accuracy of the job k-means is 0.696000
accuracy of the job sigmoid is 0.000000
0.0482768969937
accuracy of the job logistic_regression is 0.738281
accuracy of the job k-means is 0.744277
accuracy of the job sigmoid is 0.000000
0.0418839906123
accuracy of the job logistic_regression is 0.739161
accuracy of the job k-means is 0.785281
accuracy of the job sigmoid is 0.000000
0.0134149869532
accuracy of the job logistic_regression is 0.739161
accuracy of the job k-means is 0.798696
accuracy of the job sigmoid is 0.000000
0.0191030891504
accuracy of the job logistic_regression is 0.740036
accuracy of the job k-means is 0.816924
accuracy of the job sigmoid is 0.000000
0.0398964082773
accuracy of the job logistic_regression is 0.740905
accuracy of the job k-means is 0.855951
accuracy of the job sigmoid is 0.000000
0.0219409512097
accuracy of the job logistic_regression is 0.740905
accuracy of the job k-means is 0.877892
accuracy of the job sigmoid is 0.000000
0.0092830913754
accuracy of the job logistic_regression is 0.740905
accuracy of the job k-means is 0.887175
accuracy of the job sigmoid is 0.000000
0.0177016481264
accuracy of the job logistic_regression is 0.740905
accuracy of the job k-means is 0.904877
accuracy of the job sigmoid is 0.000000
killed job 1
0
accuracy of the job logistic_regression is 0.740905
accuracy of the job sigmoid is 0.000000
0
accuracy of the job logistic_regression is 0.740905
accuracy of the job sigmoid is 0.000000
0
accuracy of the job logistic_regression is 0.740905
accuracy of the job sigmoid is 0.000000
0
accuracy of the job logistic_regression is 0.740905
accuracy of the job sigmoid is 0.000000
0
accuracy of the job logistic_regression is 0.740905
accuracy of the job sigmoid is 0.000000
0
accuracy of the job logistic_regression is 0.740905
accuracy of the job sigmoid is 0.000000
0
accuracy of the job logistic_regression is 0.740905
accuracy of the job sigmoid is 0.000000
0
accuracy of the job logistic_regression is 0.740905
accuracy of the job sigmoid is 0.000000
starting job logistic_regression
starting job k-means
starting job sigmoid
running fair sched
0.389103479312
accuracy of the job logistic_regression is 0.347131
accuracy of the job k-means is 0.043473
accuracy of the job sigmoid is 0.000000
0.161983630463
accuracy of the job logistic_regression is 0.453909
accuracy of the job k-means is 0.098678
accuracy of the job sigmoid is 0.000000
0.098066068332
accuracy of the job logistic_regression is 0.506171
accuracy of the job k-means is 0.144482
accuracy of the job sigmoid is 0.000000
0.053948673504
accuracy of the job logistic_regression is 0.541083
accuracy of the job k-means is 0.163519
accuracy of the job sigmoid is 0.000000
0.056938046385
accuracy of the job logistic_regression is 0.574759
accuracy of the job k-means is 0.186781
accuracy of the job sigmoid is 0.000000
0.048294862987
accuracy of the job logistic_regression is 0.604304
accuracy of the job k-means is 0.205530
accuracy of the job sigmoid is 0.000000
0.04760343809
accuracy of the job logistic_regression is 0.619111
accuracy of the job k-means is 0.238327
accuracy of the job sigmoid is 0.000000
0.055967536152
accuracy of the job logistic_regression is 0.641426
accuracy of the job k-means is 0.271979
accuracy of the job sigmoid is 0.000000
0.046559027645
accuracy of the job logistic_regression is 0.657709
accuracy of the job k-means is 0.302255
accuracy of the job sigmoid is 0.000000
0.046913023863
accuracy of the job logistic_regression is 0.670946
accuracy of the job k-means is 0.335932
accuracy of the job sigmoid is 0.000000
0.047495842731
accuracy of the job logistic_regression is 0.686899
accuracy of the job k-means is 0.367474
accuracy of the job sigmoid is 0.000000
0.047722926204
accuracy of the job logistic_regression is 0.700124
accuracy of the job k-means is 0.401973
accuracy of the job sigmoid is 0.000000
0.035734610999
accuracy of the job logistic_regression is 0.712240
accuracy of the job k-means is 0.425591
accuracy of the job sigmoid is 0.000000
0.0344482094728
accuracy of the job logistic_regression is 0.722439
accuracy of the job k-means is 0.449840
accuracy of the job sigmoid is 0.000000
0.034050278739
accuracy of the job logistic_regression is 0.732886
accuracy of the job k-means is 0.473444
accuracy of the job sigmoid is 0.000000
0.0461292215244
accuracy of the job logistic_regression is 0.742629
accuracy of the job k-means is 0.509830
accuracy of the job sigmoid is 0.000000
0.0320649764482
accuracy of the job logistic_regression is 0.751758
accuracy of the job k-means is 0.532766
accuracy of the job sigmoid is 0.000000
0.032079166361
accuracy of the job logistic_regression is 0.759585
accuracy of the job k-means is 0.557018
accuracy of the job sigmoid is 0.000000
0.0274924627173
accuracy of the job logistic_regression is 0.767732
accuracy of the job k-means is 0.576363
accuracy of the job sigmoid is 0.000000
0.0113279673503
accuracy of the job logistic_regression is 0.774073
accuracy of the job k-means is 0.581350
accuracy of the job sigmoid is 0.000000
0.0103152948857
accuracy of the job logistic_regression is 0.777479
accuracy of the job k-means is 0.588259
accuracy of the job sigmoid is 0.000000
0.0150153601322
accuracy of the job logistic_regression is 0.784703
accuracy of the job k-means is 0.596051
accuracy of the job sigmoid is 0.000000
0.0230708031869
accuracy of the job logistic_regression is 0.791583
accuracy of the job k-means is 0.612242
accuracy of the job sigmoid is 0.000000
0.0303686325892
accuracy of the job logistic_regression is 0.798151
accuracy of the job k-means is 0.636043
accuracy of the job sigmoid is 0.000000
0.0269596675355
accuracy of the job logistic_regression is 0.803311
accuracy of the job k-means is 0.657842
accuracy of the job sigmoid is 0.000000
0.0273564139621
accuracy of the job logistic_regression is 0.809917
accuracy of the job k-means is 0.678592
accuracy of the job sigmoid is 0.000000
0.0252693145075
accuracy of the job logistic_regression is 0.816235
accuracy of the job k-means is 0.697543
accuracy of the job sigmoid is 0.000000
0.0235820579775
accuracy of the job logistic_regression is 0.821794
accuracy of the job k-means is 0.715567
accuracy of the job sigmoid is 0.000000
0.0217760805658
accuracy of the job logistic_regression is 0.827148
accuracy of the job k-means is 0.731990
accuracy of the job sigmoid is 0.000000
0.0134082466901
accuracy of the job logistic_regression is 0.832310
accuracy of the job k-means is 0.740235
accuracy of the job sigmoid is 0.000000
