starting job logistic_regression
starting job k-means
starting job sigmoid
running slaq
1.18346419917
accuracy of the job logistic_regression is 0.347131
accuracy of the job k-means is 0.004500
accuracy of the job sigmoid is 0.833333
0.204719980967
accuracy of the job logistic_regression is 0.440740
accuracy of the job k-means is 0.004500
accuracy of the job sigmoid is 0.944444
0.089505138762
accuracy of the job logistic_regression is 0.514689
accuracy of the job k-means is 0.004500
accuracy of the job sigmoid is 0.960000
0.071002957181
accuracy of the job logistic_regression is 0.582729
accuracy of the job k-means is 0.004500
accuracy of the job sigmoid is 0.962963
0.065431548379
accuracy of the job logistic_regression is 0.648161
accuracy of the job k-means is 0.004500
accuracy of the job sigmoid is 0.962963
0.041234396533
accuracy of the job logistic_regression is 0.689395
accuracy of the job k-means is 0.004500
accuracy of the job sigmoid is 0.962963
0.0320556646782
accuracy of the job logistic_regression is 0.721451
accuracy of the job k-means is 0.004500
accuracy of the job sigmoid is 0.962963
0.0286890488417
accuracy of the job logistic_regression is 0.750140
accuracy of the job k-means is 0.004500
accuracy of the job sigmoid is 0.962963
0.0225477775515
accuracy of the job logistic_regression is 0.772688
accuracy of the job k-means is 0.004500
accuracy of the job sigmoid is 0.962963
0.0188950036824
accuracy of the job logistic_regression is 0.791583
accuracy of the job k-means is 0.004500
accuracy of the job sigmoid is 0.962963
0.0172543051183
accuracy of the job logistic_regression is 0.808837
accuracy of the job k-means is 0.004500
accuracy of the job sigmoid is 0.962963
0.013945356349
accuracy of the job logistic_regression is 0.822782
accuracy of the job k-means is 0.004500
accuracy of the job sigmoid is 0.962963
0.0131695137615
accuracy of the job logistic_regression is 0.835952
accuracy of the job k-means is 0.004500
accuracy of the job sigmoid is 0.962963
0.0141241604529
accuracy of the job logistic_regression is 0.850076
accuracy of the job k-means is 0.004500
accuracy of the job sigmoid is 0.962963
0.0106116699522
accuracy of the job logistic_regression is 0.860688
accuracy of the job k-means is 0.004500
accuracy of the job sigmoid is 0.962963
0.0077472277432
accuracy of the job logistic_regression is 0.868435
accuracy of the job k-means is 0.004500
accuracy of the job sigmoid is 0.962963
0.0059814147524
accuracy of the job logistic_regression is 0.874416
accuracy of the job k-means is 0.004500
accuracy of the job sigmoid is 0.962963
0.0064050766148
accuracy of the job logistic_regression is 0.880822
accuracy of the job k-means is 0.004500
accuracy of the job sigmoid is 0.962963
0.0058172266094
accuracy of the job logistic_regression is 0.886639
accuracy of the job k-means is 0.004500
accuracy of the job sigmoid is 0.962963
0.0052873805346
accuracy of the job logistic_regression is 0.891926
accuracy of the job k-means is 0.004500
accuracy of the job sigmoid is 0.962963
0.0056895258676
accuracy of the job logistic_regression is 0.897616
accuracy of the job k-means is 0.004500
accuracy of the job sigmoid is 0.962963
0.0046236210199
accuracy of the job logistic_regression is 0.902239
accuracy of the job k-means is 0.004500
accuracy of the job sigmoid is 0.962963
0.0055792965662
accuracy of the job logistic_regression is 0.907819
accuracy of the job k-means is 0.004500
accuracy of the job sigmoid is 0.962963
0.0082441183236
accuracy of the job logistic_regression is 0.916063
accuracy of the job k-means is 0.004500
accuracy of the job sigmoid is 0.962963
0.0075546615454
accuracy of the job logistic_regression is 0.923617
accuracy of the job k-means is 0.004500
accuracy of the job sigmoid is 0.962963
0.0050630662
accuracy of the job logistic_regression is 0.928680
accuracy of the job k-means is 0.004500
accuracy of the job sigmoid is 0.962963
0.0076148857057
accuracy of the job logistic_regression is 0.936295
accuracy of the job k-means is 0.004500
accuracy of the job sigmoid is 0.962963
0.0065913430584
accuracy of the job logistic_regression is 0.942887
accuracy of the job k-means is 0.004500
accuracy of the job sigmoid is 0.962963
0.0036060502795
accuracy of the job logistic_regression is 0.946493
accuracy of the job k-means is 0.004500
accuracy of the job sigmoid is 0.962963
0.0041305177852
accuracy of the job logistic_regression is 0.950623
accuracy of the job k-means is 0.004500
accuracy of the job sigmoid is 0.962963
starting job logistic_regression
starting job k-means
starting job sigmoid
running fair sched
1.18346419917
accuracy of the job logistic_regression is 0.347131
accuracy of the job k-means is 0.004500
accuracy of the job sigmoid is 0.833333
0.196111361467
accuracy of the job logistic_regression is 0.453909
accuracy of the job k-means is 0.010500
accuracy of the job sigmoid is 0.916667
0.087538254509
accuracy of the job logistic_regression is 0.506171
accuracy of the job k-means is 0.017998
accuracy of the job sigmoid is 0.944444
0.052509211668
accuracy of the job logistic_regression is 0.541083
accuracy of the job k-means is 0.025494
accuracy of the job sigmoid is 0.954545
0.049586586724
accuracy of the job logistic_regression is 0.574759
accuracy of the job k-means is 0.032988
accuracy of the job sigmoid is 0.962963
0.042822710976
accuracy of the job logistic_regression is 0.604304
accuracy of the job k-means is 0.040478
accuracy of the job sigmoid is 0.968750
0.0265146517011
accuracy of the job logistic_regression is 0.619111
accuracy of the job k-means is 0.047963
accuracy of the job sigmoid is 0.972973
0.0335667251745
accuracy of the job logistic_regression is 0.641426
accuracy of the job k-means is 0.055443
accuracy of the job sigmoid is 0.976744
0.0261790340791
accuracy of the job logistic_regression is 0.657709
accuracy of the job k-means is 0.062917
accuracy of the job sigmoid is 0.979167
0.021175787865
accuracy of the job logistic_regression is 0.670946
accuracy of the job k-means is 0.068891
accuracy of the job sigmoid is 0.981132
0.023549069318
accuracy of the job logistic_regression is 0.686899
accuracy of the job k-means is 0.074860
accuracy of the job sigmoid is 0.982759
0.0220462439713
accuracy of the job logistic_regression is 0.700124
accuracy of the job k-means is 0.082313
accuracy of the job sigmoid is 0.984127
0.0177516327641
accuracy of the job logistic_regression is 0.712240
accuracy of the job k-means is 0.086781
accuracy of the job sigmoid is 0.985294
0.0171578185629
accuracy of the job logistic_regression is 0.722439
accuracy of the job k-means is 0.092733
accuracy of the job sigmoid is 0.986301
0.0157841132025
accuracy of the job logistic_regression is 0.732886
accuracy of the job k-means is 0.097192
accuracy of the job sigmoid is 0.987179
0.0164553128898
accuracy of the job logistic_regression is 0.742629
accuracy of the job k-means is 0.103132
accuracy of the job sigmoid is 0.987952
0.0172275110456
accuracy of the job logistic_regression is 0.751758
accuracy of the job k-means is 0.110546
accuracy of the job sigmoid is 0.988636
0.0158400505836
accuracy of the job logistic_regression is 0.759585
accuracy of the job k-means is 0.117948
accuracy of the job sigmoid is 0.989247
0.0160850783508
accuracy of the job logistic_regression is 0.767732
accuracy of the job k-means is 0.125337
accuracy of the job sigmoid is 0.989796
0.0142115307559
accuracy of the job logistic_regression is 0.774073
accuracy of the job k-means is 0.132713
accuracy of the job sigmoid is 0.990291
0.00974543092762
accuracy of the job logistic_regression is 0.777479
accuracy of the job k-means is 0.138602
accuracy of the job sigmoid is 0.990741
0.0149811728197
accuracy of the job logistic_regression is 0.784703
accuracy of the job k-means is 0.145950
accuracy of the job sigmoid is 0.991150
0.0101897519852
accuracy of the job logistic_regression is 0.791583
accuracy of the job k-means is 0.148885
accuracy of the job sigmoid is 0.991525
0.00984445451257
accuracy of the job logistic_regression is 0.798151
accuracy of the job k-means is 0.151817
accuracy of the job sigmoid is 0.991870
0.00840757369681
accuracy of the job logistic_regression is 0.803311
accuracy of the job k-means is 0.154747
accuracy of the job sigmoid is 0.992188
0.00982688140152
accuracy of the job logistic_regression is 0.809917
accuracy of the job k-means is 0.157674
accuracy of the job sigmoid is 0.992481
0.0080527951138
accuracy of the job logistic_regression is 0.816235
accuracy of the job k-means is 0.159136
accuracy of the job sigmoid is 0.992754
0.00727387732219
accuracy of the job logistic_regression is 0.821794
accuracy of the job k-means is 0.160598
accuracy of the job sigmoid is 0.993007
0.00855606572113
accuracy of the job logistic_regression is 0.827148
accuracy of the job k-means is 0.163519
accuracy of the job sigmoid is 0.993289
0.00829858724457
accuracy of the job logistic_regression is 0.832310
accuracy of the job k-means is 0.166437
accuracy of the job sigmoid is 0.993506
