starting job logistic_regression
starting job k-means
starting job sigmoid
running slaq
0.932050277343
0.30996936714
0.100186774567
0.07273217407
0.066794930201
0.046456150677
0.04100135209
0.031001096558
0.027018789975
0.023187243752
0.019248131671
0.015297115183
0.0183525529115
0.0141814931206
0.0180683954906
0.0212343682558
0.0254480659349
0.0238362910163
0.022249337808
0.028012827531
0.010264862767
0.011690371716
0.01164376995
0.014484530476
0.014401101137
0.018587343372
0.018424574485
0.018250113866
0.015297818848
0.015158367
starting job logistic_regression
starting job k-means
starting job sigmoid
running fair sched
0.932050277343
0.279007667913
0.124746116397
0.072335133641
0.051859557194
0.034973822444
0.042581620143
0.032852219555
0.029762778466
0.030100594572
0.027634724806
0.028612953717
0.020324970774
0.0160659427671
0.0181873091592
0.0120768474648
0.0167022129725
0.0137762290022
0.0115776029145
0.0111427557504
0.0122089062743
0.0103584960142
0.0127030311173
0.0081744753694
0.0122187941788
0.0104567077674
0.0112547779849
0.0094998425964
0.0108827578806
0.0094628667175
