iteration:  20000000
[ 1.  1.  1. ...,  1.  1.  1.]
Time taken:  0.0126729011536
Accuracy:  0.2553
iteration:  19999999
[ 1.  1.  1. ...,  1.  1.  1.]
Time taken:  0.00112509727478
iteration:  19999998
[ 1.  1.  1. ...,  1.  1.  1.]
Time taken:  0.00177192687988
iteration:  19999997
[ 1.  1.  1. ...,  1.  1.  1.]
Time taken:  0.00190901756287
iteration:  19999996
[ 1.  1.  1. ...,  1.  1.  1.]
Time taken:  0.00215911865234
iteration:  19999995
[ 1.  1.  1. ...,  1.  1.  1.]
Time taken:  0.002681016922
iteration:  19999994
[ 1.  1.  1. ...,  1.  1.  1.]
Time taken:  0.00195717811584
iteration:  19999993
[ 1.  1.  1. ...,  1.  1.  1.]
Time taken:  0.00210404396057
iteration:  19999992
[ 1.  1.  1. ...,  1.  1.  1.]
Time taken:  0.00231981277466
iteration:  19999991
[ 1.  1.  1. ...,  1.  1.  1.]
Time taken:  0.00224184989929
iteration:  19999990
[ 1.  1.  1. ...,  1.  1.  1.]
Time taken:  0.00180006027222
iteration:  19999989
[ 1.  1.  1. ...,  1.  1.  1.]
Time taken:  0.00227093696594
iteration:  19999988
[ 1.  1.  1. ...,  1.  1.  1.]
Time taken:  0.00241899490356
iteration:  19999987
[ 1.  1.  1. ...,  1.  1.  1.]
Time taken:  0.00224804878235
iteration:  19999986
[ 1.  1.  1. ...,  1.  1.  1.]
Time taken:  0.00230002403259
iteration:  19999985
[ 1.  1.  1. ...,  1.  1.  1.]
Time taken:  0.0021231174469
iteration:  19999984
[ 1.  1.  1. ...,  1.  1.  1.]
Time taken:  0.00175094604492
iteration:  19999983
[ 1.  1.  1. ...,  1.  1.  1.]
Time taken:  0.00271892547607
iteration:  19999982
[ 1.  1.  1. ...,  1.  1.  1.]
Time taken:  0.00267601013184
iteration:  19999981
[ 1.  1.  1. ...,  1.  1.  1.]
Time taken:  0.00240397453308
iteration:  19999980
[ 1.  1.  1. ...,  1.  1.  1.]
Time taken:  0.00212001800537
iteration:  19999979
[ 1.  1.  1. ...,  1.  1.  1.]
Time taken:  0.00200009346008
iteration:  19999978
[ 1.  1.  1. ...,  1.  1.  1.]
Time taken:  0.00240993499756
iteration:  19999977
[ 1.  1.  1. ...,  1.  1.  1.]
Time taken:  0.00265407562256
iteration:  19999976
[ 1.  1.  1. ...,  1.  1.  1.]
Time taken:  0.00256991386414
iteration:  19999975
[ 1.  1.  1. ...,  1.  1.  1.]
Time taken:  0.00201487541199
iteration:  19999974
iteration:  20000000
[ 1.  1.  1. ...,  1.  1.  1.]
Time taken:  0.0153288841248
Accuracy:  0.2553
iteration:  19999999
[ 1.  1.  1. ...,  1.  1.  1.]
Time taken:  0.00144505500793
iteration:  19999998
[ 1.  1.  1. ...,  1.  1.  1.]
Time taken:  0.00245308876038
iteration:  19999997
[ 1.  1.  1. ...,  1.  1.  1.]
Time taken:  0.00209403038025
iteration:  19999996
[ 1.  1.  1. ...,  1.  1.  1.]
Time taken:  0.00218200683594
iteration:  19999995
[ 1.  1.  1. ...,  1.  1.  1.]
Time taken:  0.00198698043823
iteration:  19999994
[ 1.  1.  1. ...,  1.  1.  1.]
Time taken:  0.00300717353821
iteration:  19999993
[ 1.  1.  1. ...,  1.  1.  1.]
Time taken:  0.00264096260071
iteration:  19999992
[ 1.  1.  1. ...,  1.  1.  1.]
Time taken:  0.00181102752686
iteration:  19999991
[ 1.  1.  1. ...,  1.  1.  1.]
Time taken:  0.00218605995178
iteration:  19999990
[ 1.  1.  1. ...,  1.  1.  1.]
Time taken:  0.00291299819946
iteration:  19999989
[ 1.  1.  1. ...,  1.  1.  1.]
Time taken:  0.00264811515808
iteration:  19999988
[ 1.  1.  1. ...,  1.  1.  1.]
Time taken:  0.00188088417053
iteration:  19999987
[ 1.  1.  1. ...,  1.  1.  1.]
Time taken:  0.00229120254517
iteration:  19999986
[ 1.  1.  1. ...,  1.  1.  1.]
Time taken:  0.00183010101318
iteration:  19999985
[ 1.  1.  1. ...,  1.  1.  1.]
Time taken:  0.00210881233215
iteration:  19999984
[ 1.  1.  1. ...,  1.  1.  1.]
Time taken:  0.00242805480957
iteration:  19999983
[ 1.  1.  1. ...,  1.  1.  1.]
Time taken:  0.0023238658905
iteration:  19999982
[ 1.  1.  1. ...,  1.  1.  1.]
Time taken:  0.00195693969727
iteration:  19999981
[ 1.  1.  1. ...,  1.  1.  1.]
Time taken:  0.00246000289917
iteration:  19999980
[ 1.  1.  1. ...,  1.  1.  1.]
Time taken:  0.00227499008179
iteration:  19999979
[ 1.  1.  1. ...,  1.  1.  1.]
Time taken:  0.00219488143921
iteration:  19999978
[ 1.  1.  1. ...,  1.  1.  1.]
Time taken:  0.00224590301514
iteration:  19999977
[ 1.  1.  1. ...,  1.  1.  1.]
Time taken:  0.00215888023376
iteration:  19999976
[ 1.  1.  1. ...,  1.  1.  1.]
Time taken:  0.00287985801697
iteration:  19999975
[ 1.  1.  1. ...,  1.  1.  1.]
Time taken:  0.00190997123718
iteration:  19999974
[ 1.  1.  1. ...,  1.  1.  1.]
Time taken:  0.00178694725037
iteration:  19999973
[ 1.  1.  1. ...,  1.  1.  1.]
Time taken:  0.00169587135315
iteration:  19999972
[ 1.  1.  1. ...,  1.  1.  1.]
Time taken:  0.00266003608704
iteration:  19999971
[ 1.  1.  1. ...,  1.  1.  1.]
Time taken:  0.00248217582703
iteration:  19999970
[ 1.  1.  1. ...,  1.  1.  1.]
Time taken:  0.00251984596252
iteration:  19999969
[ 1.  1.  1. ...,  1.  1.  1.]
Time taken:  0.00224113464355
iteration:  19999968
[ 1.  1.  1. ...,  1.  1.  1.]
Time taken:  0.0020010471344
iteration:  19999967
[ 1.  1.  1. ...,  1.  1.  1.]
Time taken:  0.00172281265259
iteration:  19999966
[ 1.  1.  1. ...,  1.  1.  1.]
Time taken:  0.00173711776733
iteration:  19999965
[ 1.  1.  1. ...,  1.  1.  1.]
Time taken:  0.00195813179016
iteration:  19999964
[ 1.  1.  1. ...,  1.  1.  1.]
Time taken:  0.0021800994873
iteration:  19999963
[ 1.  1.  1. ...,  1.  1.  1.]
Time taken:  0.00183510780334
iteration:  19999962
